app/build/outputs/logs/manifest-merger-release-report.txt
-- Merging decision tree log ---
manifest
ADDED from src/main/AndroidManifest.xml:2:1-113:12
	xmlns:android
		ADDED from src/main/AndroidManifest.xml:2:11-69
	package
		ADDED from src/main/AndroidManifest.xml:3:5-27
		INJECTED from src/main/AndroidManifest.xml
		INJECTED from src/main/AndroidManifest.xml
	android:versionName
		ADDED from src/main/AndroidManifest.xml:5:5-30
		INJECTED from src/main/AndroidManifest.xml
		INJECTED from src/main/AndroidManifest.xml
	android:versionCode
		ADDED from src/main/AndroidManifest.xml:4:5-28
		INJECTED from src/main/AndroidManifest.xml
		INJECTED from src/main/AndroidManifest.xml
uses-sdk
ADDED from src/main/AndroidManifest.xml:7:5-9:41
MERGED from [com.android.support:appcompat-v7:19.1.0] AndroidManifest.xml:18:5-42
	android:targetSdkVersion
		ADDED from src/main/AndroidManifest.xml:9:9-38
		INJECTED from src/main/AndroidManifest.xml
		INJECTED from src/main/AndroidManifest.xml
	android:minSdkVersion
		ADDED from src/main/AndroidManifest.xml:8:9-35
		INJECTED from src/main/AndroidManifest.xml
		INJECTED from src/main/AndroidManifest.xml
application
ADDED from src/main/AndroidManifest.xml:10:5-103:19
MERGED from [com.android.support:appcompat-v7:19.1.0] AndroidManifest.xml:19:5-20
	android:label
		ADDED from src/main/AndroidManifest.xml:13:9-41
	android:allowBackup
		ADDED from src/main/AndroidManifest.xml:11:9-35
	android:icon
		ADDED from src/main/AndroidManifest.xml:12:9-38
	android:theme
		ADDED from src/main/AndroidManifest.xml:14:9-44
activity#com.gto.bang.navigation.AboutActivity
ADDED from src/main/AndroidManifest.xml:15:9-18:20
	android:label
		ADDED from src/main/AndroidManifest.xml:17:13-46
	android:name
		ADDED from src/main/AndroidManifest.xml:16:13-65
activity#com.gto.bang.navigation.FeedbackActivity
ADDED from src/main/AndroidManifest.xml:20:9-23:20
	android:label
		ADDED from src/main/AndroidManifest.xml:22:13-46
	android:name
		ADDED from src/main/AndroidManifest.xml:21:13-56
activity#com.gto.bang.home.HMainActivity
ADDED from src/main/AndroidManifest.xml:25:9-28:20
	android:label
		ADDED from src/main/AndroidManifest.xml:27:13-45
	android:name
		ADDED from src/main/AndroidManifest.xml:26:13-59
activity#com.gto.bang.comment.CommentInputActivity
ADDED from src/main/AndroidManifest.xml:30:9-32:60
	android:label
		ADDED from src/main/AndroidManifest.xml:32:13-48
	android:name
		ADDED from src/main/AndroidManifest.xml:31:13-57
activity#com.gto.bang.experience.EMainActivity
ADDED from src/main/AndroidManifest.xml:34:9-36:58
	android:label
		ADDED from src/main/AndroidManifest.xml:36:13-46
	android:name
		ADDED from src/main/AndroidManifest.xml:35:13-53
activity#com.gto.bang.create.CreateMainActivity
ADDED from src/main/AndroidManifest.xml:38:9-40:56
	android:label
		ADDED from src/main/AndroidManifest.xml:40:9-44
	android:name
		ADDED from src/main/AndroidManifest.xml:39:9-50
activity#com.gto.bang.personal.InfoInputActivity
ADDED from src/main/AndroidManifest.xml:41:9-43:64
	android:label
		ADDED from src/main/AndroidManifest.xml:43:13-52
	android:name
		ADDED from src/main/AndroidManifest.xml:42:13-67
activity#com.gto.bang.detail.DetailActivity
ADDED from src/main/AndroidManifest.xml:44:9-46:62
	android:label
		ADDED from src/main/AndroidManifest.xml:46:13-50
	android:name
		ADDED from src/main/AndroidManifest.xml:45:13-62
activity#com.gto.bang.message.MessageActivity
ADDED from src/main/AndroidManifest.xml:47:9-49:63
	android:label
		ADDED from src/main/AndroidManifest.xml:49:13-51
	android:name
		ADDED from src/main/AndroidManifest.xml:48:13-64
activity#com.gto.bang.bangwrite.BangWriteActivity
ADDED from src/main/AndroidManifest.xml:50:9-52:67
	android:label
		ADDED from src/main/AndroidManifest.xml:52:13-55
	android:name
		ADDED from src/main/AndroidManifest.xml:51:13-68
activity#com.gto.bang.register.RegisterActivity
ADDED from src/main/AndroidManifest.xml:54:9-56:64
	android:label
		ADDED from src/main/AndroidManifest.xml:56:13-52
	android:name
		ADDED from src/main/AndroidManifest.xml:55:13-66
activity#com.gto.bang.action.LoginActionActivity
ADDED from src/main/AndroidManifest.xml:57:9-59:61
	android:label
		ADDED from src/main/AndroidManifest.xml:59:13-49
	android:name
		ADDED from src/main/AndroidManifest.xml:58:13-55
activity#com.gto.bang.college.AcademySelectActivity
ADDED from src/main/AndroidManifest.xml:60:9-63:20
	android:label
		ADDED from src/main/AndroidManifest.xml:62:13-51
	android:name
		ADDED from src/main/AndroidManifest.xml:61:13-58
activity#com.gto.bang.question.QMainActivity
ADDED from src/main/AndroidManifest.xml:64:9-67:20
	android:label
		ADDED from src/main/AndroidManifest.xml:66:13-46
	android:name
		ADDED from src/main/AndroidManifest.xml:65:13-63
activity#com.gto.bang.personal.activity.PMessageActivity
ADDED from src/main/AndroidManifest.xml:69:9-72:20
	android:label
		ADDED from src/main/AndroidManifest.xml:71:13-50
	android:name
		ADDED from src/main/AndroidManifest.xml:70:13-63
activity#com.gto.bang.personal.activity.PExperienceActivity
ADDED from src/main/AndroidManifest.xml:73:9-76:20
	android:label
		ADDED from src/main/AndroidManifest.xml:75:13-53
	android:name
		ADDED from src/main/AndroidManifest.xml:74:13-66
activity#com.gto.bang.personal.activity.PNoticeActivity
ADDED from src/main/AndroidManifest.xml:77:9-80:24
	android:label
		ADDED from src/main/AndroidManifest.xml:79:13-46
	android:name
		ADDED from src/main/AndroidManifest.xml:78:13-62
activity#com.gto.bang.personal.activity.PMainActivity
ADDED from src/main/AndroidManifest.xml:81:9-84:20
	android:label
		ADDED from src/main/AndroidManifest.xml:83:13-52
	android:name
		ADDED from src/main/AndroidManifest.xml:82:13-60
activity#com.gto.bang.personal.activity.PQuestionActivity
ADDED from src/main/AndroidManifest.xml:85:9-88:20
	android:label
		ADDED from src/main/AndroidManifest.xml:87:13-51
	android:name
		ADDED from src/main/AndroidManifest.xml:86:13-64
activity#com.gto.bang.login.LoginActivity
ADDED from src/main/AndroidManifest.xml:90:9-99:20
	android:label
		ADDED from src/main/AndroidManifest.xml:92:13-45
	android:name
		ADDED from src/main/AndroidManifest.xml:91:13-48
intent-filter#android.intent.action.MAIN+android.intent.category.LAUNCHER
ADDED from src/main/AndroidManifest.xml:93:13-96:29
action#android.intent.action.MAIN
ADDED from src/main/AndroidManifest.xml:94:17-69
	android:name
		ADDED from src/main/AndroidManifest.xml:94:25-66
category#android.intent.category.LAUNCHER
ADDED from src/main/AndroidManifest.xml:95:17-77
	android:name
		ADDED from src/main/AndroidManifest.xml:95:27-74
meta-data#UMENG_APPKEY
ADDED from src/main/AndroidManifest.xml:100:9-101
	android:name
		ADDED from src/main/AndroidManifest.xml:100:61-88
	android:value
		ADDED from src/main/AndroidManifest.xml:100:20-60
meta-data#UMENG_CHANNEL
ADDED from src/main/AndroidManifest.xml:101:9-78
	android:name
		ADDED from src/main/AndroidManifest.xml:101:48-76
	android:value
		ADDED from src/main/AndroidManifest.xml:101:20-47
uses-permission#android.permission.INTERNET
ADDED from src/main/AndroidManifest.xml:107:5-67
	android:name
		ADDED from src/main/AndroidManifest.xml:107:22-64
uses-permission#android.permission.WRITE_EXTERNAL_STORAGE
ADDED from src/main/AndroidManifest.xml:108:5-80
	android:name
		ADDED from src/main/AndroidManifest.xml:108:22-78
uses-permission#android.permission.ACCESS_NETWORK_STATE
ADDED from src/main/AndroidManifest.xml:109:5-95
	android:name
		ADDED from src/main/AndroidManifest.xml:109:22-76
uses-permission#android.permission.ACCESS_WIFI_STATE
ADDED from src/main/AndroidManifest.xml:110:5-76
	android:name
		ADDED from src/main/AndroidManifest.xml:110:22-73
uses-permission#android.permission.READ_PHONE_STATE
ADDED from src/main/AndroidManifest.xml:111:5-91
	android:name
		ADDED from src/main/AndroidManifest.xml:111:22-72